  imgui_impl_dx10.cpp
D:\Purdue\OpenGL\CGT 521\Template Project 2\CGT 521 Fall 2022\imgui-master\backends\imgui_impl_dx10.cpp(31,10): fatal error C1083: Cannot open include file: 'imgui.h': No such file or directory
  imgui_impl_dx11.cpp
D:\Purdue\OpenGL\CGT 521\Template Project 2\CGT 521 Fall 2022\imgui-master\backends\imgui_impl_dx11.cpp(32,10): fatal error C1083: Cannot open include file: 'imgui.h': No such file or directory
  imgui_impl_dx9.cpp
D:\Purdue\OpenGL\CGT 521\Template Project 2\CGT 521 Fall 2022\imgui-master\backends\imgui_impl_dx9.cpp(33,10): fatal error C1083: Cannot open include file: 'imgui.h': No such file or directory
  imgui_impl_glfw.cpp
D:\Purdue\OpenGL\CGT 521\Template Project 2\CGT 521 Fall 2022\imgui-master\backends\imgui_impl_glfw.cpp(49,10): fatal error C1083: Cannot open include file: 'imgui.h': No such file or directory
  imgui_impl_opengl2.cpp
D:\Purdue\OpenGL\CGT 521\Template Project 2\CGT 521 Fall 2022\imgui-master\backends\imgui_impl_opengl2.cpp(38,10): fatal error C1083: Cannot open include file: 'imgui.h': No such file or directory
  imgui_impl_opengl3.cpp
D:\Purdue\OpenGL\CGT 521\Template Project 2\CGT 521 Fall 2022\imgui-master\backends\imgui_impl_opengl3.cpp(90,10): fatal error C1083: Cannot open include file: 'imgui.h': No such file or directory
  imgui_impl_win32.cpp
D:\Purdue\OpenGL\CGT 521\Template Project 2\CGT 521 Fall 2022\imgui-master\backends\imgui_impl_win32.cpp(15,10): fatal error C1083: Cannot open include file: 'imgui.h': No such file or directory
  imgui.cpp
  imgui_demo.cpp
  imgui_draw.cpp
  imgui_tables.cpp
  imgui_widgets.cpp
  imgui_stdlib.cpp
D:\Purdue\OpenGL\CGT 521\Template Project 2\CGT 521 Fall 2022\imgui-master\misc\cpp\imgui_stdlib.cpp(11,10): fatal error C1083: Cannot open include file: 'imgui.h': No such file or directory
  DebugCallback.cpp
D:\Purdue\OpenGL\CGT 521\Template Project 2\CGT 521 Fall 2022\Terrain-Generation\Final Project Terrain Overhang\DebugCallback.h(4,10): fatal error C1083: Cannot open include file: 'GL/glew.h': No such file or directory
  InitShader.cpp
D:\Purdue\OpenGL\CGT 521\Template Project 2\CGT 521 Fall 2022\Terrain-Generation\Final Project Terrain Overhang\InitShader.cpp(1,10): fatal error C1083: Cannot open include file: 'GL/glew.h': No such file or directory
  LoadMesh.cpp
D:\Purdue\OpenGL\CGT 521\Template Project 2\CGT 521 Fall 2022\Terrain-Generation\Final Project Terrain Overhang\LoadMesh.h(7,10): fatal error C1083: Cannot open include file: 'GL/glew.h': No such file or directory
  LoadTexture.cpp
D:\Purdue\OpenGL\CGT 521\Template Project 2\CGT 521 Fall 2022\Terrain-Generation\Final Project Terrain Overhang\LoadTexture.h(6,10): fatal error C1083: Cannot open include file: 'GL/glew.h': No such file or directory
  Main.cpp
D:\Purdue\OpenGL\CGT 521\Template Project 2\CGT 521 Fall 2022\Terrain-Generation\Final Project Terrain Overhang\Main.cpp(3,10): fatal error C1083: Cannot open include file: 'imgui.h': No such file or directory
  Terrain.cpp
D:\Purdue\OpenGL\CGT 521\Template Project 2\CGT 521 Fall 2022\Terrain-Generation\Final Project Terrain Overhang\Terrain.cpp(1,10): fatal error C1083: Cannot open include file: 'GL/glew.h': No such file or directory
  VideoMux.cpp
D:\Purdue\OpenGL\CGT 521\Template Project 2\CGT 521 Fall 2022\Terrain-Generation\Final Project Terrain Overhang\VideoMux.h(8,10): fatal error C1083: Cannot open include file: 'libavutil/avassert.h': No such file or directory
  Generating Code...
